<?xml version="1.0" encoding="UTF-8"?>
<!-- Generated by org.testng.reporters.JUnitReportReporter -->
<testsuite hostname="DESKTOP-QJ8DNNF" failures="0" tests="1" name="com.crm.createOrganisation.CreateOrganizationWithIndustryAndTypeTest" time="14.285" errors="0" timestamp="2022-09-11T20:54:37 IST" skipped="0">
  <testcase classname="com.crm.createOrganisation.CreateOrganizationWithIndustryAndTypeTest" name="createOrganizationWithIndustryAndTypeTest" time="14.285"/>
  <system-out>
    <![CDATA[CreateOrganizationWithIndustryAndTypeTest is pass]]>
  </system-out>
</testsuite> <!-- com.crm.createOrganisation.CreateOrganizationWithIndustryAndTypeTest -->
